[2024-02-13 18:50:02] ---------- Microsoft Windows NT 10.0.22631.0 (C:\Users\ravic\Desktop\TalentSyncBackend\IronPdfEngine.log) ----------
[2024-02-13 18:50:02] Using deployment directory 'C:\Users\ravic\Desktop\TalentSyncBackend\node_modules\@ironsoftware\ironpdf-engine-windows-x64\ironpdf-engine-bin-2024.1.20\'
[2024-02-13 18:50:02] Creating deployment candidates using root path 'C:\Users\ravic\Desktop\TalentSyncBackend\node_modules\@ironsoftware\ironpdf-engine-windows-x64\ironpdf-engine-bin-2024.1.20\' (download: False)
[2024-02-13 18:50:02] Creating folder deployments for win-x64
[2024-02-13 18:50:02] Creating embedded deployments for win-x64
[2024-02-13 18:50:02] Successfully located 'IronPdfInterop' at 'C:\Users\ravic\Desktop\TalentSyncBackend\node_modules\@ironsoftware\ironpdf-engine-windows-x64\ironpdf-engine-bin-2024.1.20\'
[2024-02-13 18:50:02] Warning! Missing deployment configuration file for deployment 'C:\Users\ravic\Desktop\TalentSyncBackend\node_modules\@ironsoftware\ironpdf-engine-windows-x64\ironpdf-engine-bin-2024.1.20\'
[2024-02-13 18:55:20] ---------- Microsoft Windows NT 10.0.22631.0 (C:\Users\ravic\Desktop\TalentSyncBackend\IronPdfEngine.log) ----------
[2024-02-13 18:55:20] Using deployment directory 'C:\Users\ravic\Desktop\TalentSyncBackend\node_modules\@ironsoftware\ironpdf-engine-windows-x64\ironpdf-engine-bin-2024.1.20\'
[2024-02-13 18:55:20] Creating deployment candidates using root path 'C:\Users\ravic\Desktop\TalentSyncBackend\node_modules\@ironsoftware\ironpdf-engine-windows-x64\ironpdf-engine-bin-2024.1.20\' (download: False)
[2024-02-13 18:55:20] Creating folder deployments for win-x64
[2024-02-13 18:55:20] Creating embedded deployments for win-x64
[2024-02-13 18:55:20] Successfully located 'IronPdfInterop' at 'C:\Users\ravic\Desktop\TalentSyncBackend\node_modules\@ironsoftware\ironpdf-engine-windows-x64\ironpdf-engine-bin-2024.1.20\'
[2024-02-13 18:55:20] Warning! Missing deployment configuration file for deployment 'C:\Users\ravic\Desktop\TalentSyncBackend\node_modules\@ironsoftware\ironpdf-engine-windows-x64\ironpdf-engine-bin-2024.1.20\'
[2024-02-13 18:55:20] IronSoftware.Exceptions.IronSoftwareDeploymentConfigurationMissingException: Error while locating deployment configuration file 'Pdfium*.deployment.json' within 'C:\Users\ravic\Desktop\TalentSyncBackend\node_modules\@ironsoftware\ironpdf-engine-windows-x64\ironpdf-engine-bin-2024.1.20\'
   at IronSoftware.Deployment.SmartDeploymentBase.GetDeploymentConfiguration(IDeployment deployment)
   at IronSoftware.Deployment.SmartDeploymentBase.ExecuteDeploymentCommands(IDeployment deployment)
   at IronSoftware.Deployment.SmartDeploymentBase.Deploy(Boolean download)
[2024-02-13 18:55:20] Attempting to load Windows library 'C:\Users\ravic\Desktop\TalentSyncBackend\node_modules\@ironsoftware\ironpdf-engine-windows-x64\ironpdf-engine-bin-2024.1.20\IronPdfInterop.dll'
[2024-02-13 18:55:20] Attempting to load Windows library 'C:\Users\ravic\Desktop\TalentSyncBackend\node_modules\@ironsoftware\ironpdf-engine-windows-x64\ironpdf-engine-bin-2024.1.20\IronPdfInterop.dll'
[2024-02-13 18:55:20] Successfully loaded native library from 'C:\Users\ravic\Desktop\TalentSyncBackend\node_modules\@ironsoftware\ironpdf-engine-windows-x64\ironpdf-engine-bin-2024.1.20\IronPdfInterop.dll'
[2024-02-13 18:55:20] Successfully loaded 'IronPdfInterop' version '2024.1.0.143' from 'C:\Users\ravic\Desktop\TalentSyncBackend\node_modules\@ironsoftware\ironpdf-engine-windows-x64\ironpdf-engine-bin-2024.1.20\'
[2024-02-13 18:55:20] Successfully deployed 'Pdfium' using 'C:\Users\ravic\Desktop\TalentSyncBackend\node_modules\@ironsoftware\ironpdf-engine-windows-x64\ironpdf-engine-bin-2024.1.20\'
[2024-02-13 18:55:20] Creating new job collection resource
[2024-02-13 18:55:20] Creating new document collection resource
[2024-02-13 18:55:20] Successfully initialized local pdf client
[2024-02-13 18:55:20] Initializing local Chrome client...
[2024-02-13 18:55:20] Using deployment directory 'C:\Users\ravic\Desktop\TalentSyncBackend\node_modules\@ironsoftware\ironpdf-engine-windows-x64\ironpdf-engine-bin-2024.1.20\'
[2024-02-13 18:55:20] Creating deployment candidates using root path 'C:\Users\ravic\Desktop\TalentSyncBackend\node_modules\@ironsoftware\ironpdf-engine-windows-x64\ironpdf-engine-bin-2024.1.20\' (download: False)
[2024-02-13 18:55:20] Creating folder deployments for win-x64
[2024-02-13 18:55:20] Creating embedded deployments for win-x64
[2024-02-13 18:55:20] Successfully located 'IronInterop' at 'C:\Users\ravic\Desktop\TalentSyncBackend\node_modules\@ironsoftware\ironpdf-engine-windows-x64\ironpdf-engine-bin-2024.1.20\'
[2024-02-13 18:55:20] Determining deployment commands for platform 'Windows' v10.0.22631.0
[2024-02-13 18:55:20] Using deployment instructions for 'default' v
[2024-02-13 18:55:20] Attempting to load Windows library 'C:\Users\ravic\Desktop\TalentSyncBackend\node_modules\@ironsoftware\ironpdf-engine-windows-x64\ironpdf-engine-bin-2024.1.20\IronInterop.dll'
[2024-02-13 18:55:20] Attempting to load Windows library 'C:\Users\ravic\Desktop\TalentSyncBackend\node_modules\@ironsoftware\ironpdf-engine-windows-x64\ironpdf-engine-bin-2024.1.20\IronInterop.dll'
[2024-02-13 18:55:20] Successfully loaded native library from 'C:\Users\ravic\Desktop\TalentSyncBackend\node_modules\@ironsoftware\ironpdf-engine-windows-x64\ironpdf-engine-bin-2024.1.20\IronInterop.dll'
[2024-02-13 18:55:20] Successfully loaded 'IronInterop' version '2024.1.0.143' from 'C:\Users\ravic\Desktop\TalentSyncBackend\node_modules\@ironsoftware\ironpdf-engine-windows-x64\ironpdf-engine-bin-2024.1.20\'
[2024-02-13 18:55:20] Successfully deployed 'Chrome' using 'C:\Users\ravic\Desktop\TalentSyncBackend\node_modules\@ironsoftware\ironpdf-engine-windows-x64\ironpdf-engine-bin-2024.1.20\'
[2024-02-13 18:55:20] Initializing Chrome renderer for OS Name: Windows, Identifier: win, Version: 10.0.22631.0, VersionName: , Domain: IronPdfEngineConsole, Thread: , Path: C:\Users\ravic\Desktop\TalentSyncBackend
[2024-02-13 18:55:20] 18:55:20 (33416): ~ Chrome renderer v2024.1.0.143~
[2024-02-13 18:55:20] 18:55:20 (33416): register JobManager as publisher for event_readyToInitializeNetworkEventsDevToolsHandler
[2024-02-13 18:55:20] 18:55:20 (33416): [EventRegistry] Register event_readyToInitializeNetworkEventsDevToolsHandler for a publisher
[2024-02-13 18:55:20] 18:55:20 (33416): IsSingleProcess: 0
[2024-02-13 18:55:20] 18:55:20 (33416): Creating Cef proxy controller
[2024-02-13 18:55:20] 18:55:20 (33416): Creating Cef interface
[2024-02-13 18:55:20] 18:55:20 (33416): JobManager subscribes a new sub, eventStr=event_readyToInitializeNetworkEventsDevToolsHandler
[2024-02-13 18:55:20] 18:55:20 (33416): JobManager subscribes a new sub, eventStr=event_readyToInitializeNetworkEventsDevToolsHandler
[2024-02-13 18:55:20] 18:55:20 (33416): Destroying Cef proxy event handler
[2024-02-13 18:55:20] 18:55:20 (33416): Initializing Cef proxy controller
[2024-02-13 18:55:20] 18:55:20 (33416): Using subprocess path 'C:\Users\ravic\Desktop\TalentSyncBackend\node_modules\@ironsoftware\ironpdf-engine-windows-x64\ironpdf-engine-bin-2024.1.20\IronCefSubprocess.exe'
[2024-02-13 18:55:20] 18:55:20 (33416): Using framework path 'C:\Users\ravic\Desktop\TalentSyncBackend\node_modules\@ironsoftware\ironpdf-engine-windows-x64\ironpdf-engine-bin-2024.1.20\'
[2024-02-13 18:55:20] 18:55:20 (33416): Using locales path 'C:\Users\ravic\Desktop\TalentSyncBackend\node_modules\@ironsoftware\ironpdf-engine-windows-x64\ironpdf-engine-bin-2024.1.20\\locales'
[2024-02-13 18:55:20] 18:55:20 (33416): Using resources path 'C:\Users\ravic\Desktop\TalentSyncBackend\node_modules\@ironsoftware\ironpdf-engine-windows-x64\ironpdf-engine-bin-2024.1.20\'
[2024-02-13 18:55:20] 18:55:20 (33416): Launching child process '"C:\Users\ravic\Desktop\TalentSyncBackend\node_modules\@ironsoftware\ironpdf-engine-windows-x64\ironpdf-engine-bin-2024.1.20\IronPdfEngineConsole.exe" --browser-subprocess-path="C:\Users\ravic\Desktop\TalentSyncBackend\node_modules\@ironsoftware\ironpdf-engine-windows-x64\ironpdf-engine-bin-2024.1.20\IronCefSubprocess.exe" --no-sandbox --lang=en-US --log-file=cef.log --log-severity=disable --resources-dir-path="C:\Users\ravic\Desktop\TalentSyncBackend\node_modules\@ironsoftware\ironpdf-engine-windows-x64\ironpdf-engine-bin-2024.1.20" --locales-dir-path="C:\Users\ravic\Desktop\TalentSyncBackend\node_modules\@ironsoftware\ironpdf-engine-windows-x64\ironpdf-engine-bin-2024.1.20\\locales" --disable-features=CalculateNativeWinOcclusion,WinUseBrowserSpellChecker,BackForwardCache host=127.0.0.1 port=33350 docker_build=false keep_alive=true linux_and_docker_auto_config=false skip_initialization=false log_path=./IronPdfEngine.log single_process=false chrome_browser_limit=30 chrome_gpu_mode=0 linux_and_docker_auto_config=true programming_language=nodejs'
[2024-02-13 18:55:20] 18:55:20 (33416): gpu_mode: '0'
[2024-02-13 18:55:20] 18:55:20 (22740): Launching child process '"C:\Users\ravic\Desktop\TalentSyncBackend\node_modules\@ironsoftware\ironpdf-engine-windows-x64\ironpdf-engine-bin-2024.1.20\IronCefSubprocess.exe" --type=gpu-process --no-sandbox --headless --locales-dir-path="C:\Users\ravic\Desktop\TalentSyncBackend\node_modules\@ironsoftware\ironpdf-engine-windows-x64\ironpdf-engine-bin-2024.1.20\\locales" --log-severity=disable --resources-dir-path="C:\Users\ravic\Desktop\TalentSyncBackend\node_modules\@ironsoftware\ironpdf-engine-windows-x64\ironpdf-engine-bin-2024.1.20" --lang=en-US --user-data-dir="C:\Users\ravic\AppData\Local\Temp" /prefetch:2'
[2024-02-13 18:55:20] 18:55:20 (22740): gpu_mode: '0'
[2024-02-13 18:55:20] 18:55:20 (33416): Cef initialization succeeded
[2024-02-13 18:55:20] Successfully initialized local Chrome client
[2024-02-13 18:55:20] 18:55:20 (22740): Cef context initialized
[2024-02-13 18:55:20] 18:55:20 (22740): Registering custom scheme for rendering raw html
[2024-02-13 18:55:20] 18:55:20 (22740): Successfully registered custom scheme
[2024-02-13 18:55:20] 18:55:20 (22740): Cef engine initialization complete
[2024-02-13 18:55:20] 18:55:20 (22740): Launching child process '"C:\Users\ravic\Desktop\TalentSyncBackend\node_modules\@ironsoftware\ironpdf-engine-windows-x64\ironpdf-engine-bin-2024.1.20\IronCefSubprocess.exe" --type=utility --utility-sub-type=network.mojom.NetworkService --lang=en-US --service-sandbox-type=none --ignore-urlfetcher-cert-requests --no-sandbox --ignore-certificate-errors --mute-audio --ignore-certificate-errors --locales-dir-path="C:\Users\ravic\Desktop\TalentSyncBackend\node_modules\@ironsoftware\ironpdf-engine-windows-x64\ironpdf-engine-bin-2024.1.20\\locales" --log-severity=disable --resources-dir-path="C:\Users\ravic\Desktop\TalentSyncBackend\node_modules\@ironsoftware\ironpdf-engine-windows-x64\ironpdf-engine-bin-2024.1.20" --lang=en-US --user-data-dir="C:\Users\ravic\AppData\Local\Temp" /prefetch:8'
[2024-02-13 18:55:20] 18:55:20 (22740): gpu_mode: '0'
[2024-02-13 18:55:30] 'UsageData' module is disabled
[2024-02-13 18:55:30] Created directory 'C:\Users\ravic\AppData\Local\IronSoftware\UsageData'
[2024-02-13 18:55:30] Attempting to obtain value for a key 'IronPdf.LicenseKey' from settings
[2024-02-13 18:55:30] Couldn't find key 'IronPdf.LicenseKey' in json config files: Value cannot be null. (Parameter 'path')
[2024-02-13 18:55:30] Couldn't find key 'IronPdf.LicenseKey' in xml config files: Value cannot be null. (Parameter 'path')
[2024-02-13 18:55:30] Warning! Error while retrieving app settings value
[2024-02-13 18:55:30] System.ArgumentNullException: Value cannot be null. (Parameter 'path')
   at System.IO.Path.GetFullPath(String path)
   at IronSoftware.IronConfigurationManager.IronConfigurations.ReadAzureFunctionConfig(String key, Assembly context)
   at IronSoftware.IronConfigurationManager.IronConfigurations.TryReadFromDefaultConfigs(String key, Assembly context, String& configValue)
   at IronSoftware.IronConfigurationManager.IronConfigurations.Read(String key, Assembly context)
   at IronSoftware.Licenses.LicenseManager.GetConfigValue(String key, Assembly assembly)
[2024-02-13 18:55:30] Attempting to obtain value for a key 'IronSuite.LicenseKey' from settings
[2024-02-13 18:55:30] Couldn't find key 'IronSuite.LicenseKey' in json config files: Value cannot be null. (Parameter 'path')
[2024-02-13 18:55:30] Couldn't find key 'IronSuite.LicenseKey' in xml config files: Value cannot be null. (Parameter 'path')
[2024-02-13 18:55:30] Warning! Error while retrieving app settings value
[2024-02-13 18:55:30] System.ArgumentNullException: Value cannot be null. (Parameter 'path')
   at System.IO.Path.GetFullPath(String path)
   at IronSoftware.IronConfigurationManager.IronConfigurations.ReadAzureFunctionConfig(String key, Assembly context)
   at IronSoftware.IronConfigurationManager.IronConfigurations.TryReadFromDefaultConfigs(String key, Assembly context, String& configValue)
   at IronSoftware.IronConfigurationManager.IronConfigurations.Read(String key, Assembly context)
   at IronSoftware.Licenses.LicenseManager.GetConfigValue(String key, Assembly assembly)
[2024-02-13 18:55:30] Setting license key to 'AppAnalytics' module
[2024-02-13 18:55:30] Error 0x00 while validating license key
[2024-02-13 18:55:30] Failed to create LicenseKey, returning null. Exception occured:'Error 0x00 while validating license key'
[2024-02-13 18:55:30] 18:55:30 (9044): PdfDocumentFactory created document 000001172602D3E0 from 29731 bytes
[2024-02-13 18:55:30] 18:55:30 (9044): Document opened from vector
[2024-02-13 18:55:30] 18:55:30 (9044): Storing new document 0
[2024-02-13 18:55:30] Document 0 has 1 references remaining (+1)
[2024-02-13 18:55:30] In-memory object store fetching document ab21c384-faed-40c6-8f20-a07d295e3627
[2024-02-13 18:55:30] In-memory object store fetching document ab21c384-faed-40c6-8f20-a07d295e3627
